# JRE version: Java(TM) SE Runtime Environment (8.0_221-b11) (build 1.8.0_221-b11)
# Java VM: Java HotSpot(TM) 64-Bit Server VM (25.221-b11 mixed mode windows-amd64 compressed oops)
Heap:
 PSYoungGen      total 23552K, used 18131K [0x00000000d5c00000, 0x00000000d7500000, 0x0000000100000000)
  eden space 21504K, 75% used [0x00000000d5c00000,0x00000000d6bd2e70,0x00000000d7100000)
  from space 2048K, 94% used [0x00000000d7300000,0x00000000d74e2020,0x00000000d7500000)
  to   space 2048K, 0% used [0x00000000d7100000,0x00000000d7100000,0x00000000d7300000)
 ParOldGen       total 87552K, used 51441K [0x0000000081400000, 0x0000000086980000, 0x00000000d5c00000)
  object space 87552K, 58% used [0x0000000081400000,0x000000008463c768,0x0000000086980000)
 Metaspace       used 19457K, capacity 20166K, committed 20352K, reserved 1067008K
  class space    used 2629K, capacity 2820K, committed 2944K, reserved 1048576K
GC Heap History (10 events):
Event: 2758.011 GC heap before
{Heap before GC invocations=392 (full 0):
 PSYoungGen      total 23552K, used 22937K [0x00000000d5c00000, 0x00000000d7500000, 0x0000000100000000)
  eden space 21504K, 97% used [0x00000000d5c00000,0x00000000d7084608,0x00000000d7100000)
  from space 2048K, 94% used [0x00000000d7100000,0x00000000d72e2020,0x00000000d7300000)
  to   space 2048K, 0% used [0x00000000d7300000,0x00000000d7300000,0x00000000d7500000)
 ParOldGen       total 87552K, used 51401K [0x0000000081400000, 0x0000000086980000, 0x00000000d5c00000)
  object space 87552K, 58% used [0x0000000081400000,0x0000000084632768,0x0000000086980000)
 Metaspace       used 19442K, capacity 20166K, committed 20352K, reserved 1067008K
  class space    used 2626K, capacity 2820K, committed 2944K, reserved 1048576K
Event: 2758.013 GC heap after
Heap after GC invocations=392 (full 0):
 PSYoungGen      total 23552K, used 1896K [0x00000000d5c00000, 0x00000000d7500000, 0x0000000100000000)
  eden space 21504K, 0% used [0x00000000d5c00000,0x00000000d5c00000,0x00000000d7100000)
  from space 2048K, 92% used [0x00000000d7300000,0x00000000d74da020,0x00000000d7500000)
  to   space 2048K, 0% used [0x00000000d7100000,0x00000000d7100000,0x00000000d7300000)
 ParOldGen       total 87552K, used 51409K [0x0000000081400000, 0x0000000086980000, 0x00000000d5c00000)
  object space 87552K, 58% used [0x0000000081400000,0x0000000084634768,0x0000000086980000)
 Metaspace       used 19442K, capacity 20166K, committed 20352K, reserved 1067008K
  class space    used 2626K, capacity 2820K, committed 2944K, reserved 1048576K
}
Event: 2764.238 GC heap before
{Heap before GC invocations=393 (full 0):
 PSYoungGen      total 23552K, used 22897K [0x00000000d5c00000, 0x00000000d7500000, 0x0000000100000000)
  eden space 21504K, 97% used [0x00000000d5c00000,0x00000000d7082430,0x00000000d7100000)
  from space 2048K, 92% used [0x00000000d7300000,0x00000000d74da020,0x00000000d7500000)
  to   space 2048K, 0% used [0x00000000d7100000,0x00000000d7100000,0x00000000d7300000)
 ParOldGen       total 87552K, used 51409K [0x0000000081400000, 0x0000000086980000, 0x00000000d5c00000)
  object space 87552K, 58% used [0x0000000081400000,0x0000000084634768,0x0000000086980000)
 Metaspace       used 19442K, capacity 20166K, committed 20352K, reserved 1067008K
  class space    used 2626K, capacity 2820K, committed 2944K, reserved 1048576K
Event: 2764.240 GC heap after
Heap after GC invocations=393 (full 0):
 PSYoungGen      total 23552K, used 1896K [0x00000000d5c00000, 0x00000000d7500000, 0x0000000100000000)
  eden space 21504K, 0% used [0x00000000d5c00000,0x00000000d5c00000,0x00000000d7100000)
  from space 2048K, 92% used [0x00000000d7100000,0x00000000d72da020,0x00000000d7300000)
  to   space 2048K, 0% used [0x00000000d7300000,0x00000000d7300000,0x00000000d7500000)
 ParOldGen       total 87552K, used 51417K [0x0000000081400000, 0x0000000086980000, 0x00000000d5c00000)
  object space 87552K, 58% used [0x0000000081400000,0x0000000084636768,0x0000000086980000)
 Metaspace       used 19442K, capacity 20166K, committed 20352K, reserved 1067008K
  class space    used 2626K, capacity 2820K, committed 2944K, reserved 1048576K
}
Event: 2770.498 GC heap before
{Heap before GC invocations=394 (full 0):
 PSYoungGen      total 23552K, used 22910K [0x00000000d5c00000, 0x00000000d7500000, 0x0000000100000000)
  eden space 21504K, 97% used [0x00000000d5c00000,0x00000000d7085900,0x00000000d7100000)
  from space 2048K, 92% used [0x00000000d7100000,0x00000000d72da020,0x00000000d7300000)
  to   space 2048K, 0% used [0x00000000d7300000,0x00000000d7300000,0x00000000d7500000)
 ParOldGen       total 87552K, used 51417K [0x0000000081400000, 0x0000000086980000, 0x00000000d5c00000)
  object space 87552K, 58% used [0x0000000081400000,0x0000000084636768,0x0000000086980000)
 Metaspace       used 19442K, capacity 20166K, committed 20352K, reserved 1067008K
  class space    used 2626K, capacity 2820K, committed 2944K, reserved 1048576K
Event: 2770.500 GC heap after
Heap after GC invocations=394 (full 0):
 PSYoungGen      total 23552K, used 1928K [0x00000000d5c00000, 0x00000000d7500000, 0x0000000100000000)
  eden space 21504K, 0% used [0x00000000d5c00000,0x00000000d5c00000,0x00000000d7100000)
  from space 2048K, 94% used [0x00000000d7300000,0x00000000d74e2020,0x00000000d7500000)
  to   space 2048K, 0% used [0x00000000d7100000,0x00000000d7100000,0x00000000d7300000)
 ParOldGen       total 87552K, used 51425K [0x0000000081400000, 0x0000000086980000, 0x00000000d5c00000)
  object space 87552K, 58% used [0x0000000081400000,0x0000000084638768,0x0000000086980000)
 Metaspace       used 19442K, capacity 20166K, committed 20352K, reserved 1067008K
  class space    used 2626K, capacity 2820K, committed 2944K, reserved 1048576K
}
Event: 2776.857 GC heap before
{Heap before GC invocations=395 (full 0):
 PSYoungGen      total 23552K, used 22934K [0x00000000d5c00000, 0x00000000d7500000, 0x0000000100000000)
  eden space 21504K, 97% used [0x00000000d5c00000,0x00000000d7083a10,0x00000000d7100000)
  from space 2048K, 94% used [0x00000000d7300000,0x00000000d74e2020,0x00000000d7500000)
  to   space 2048K, 0% used [0x00000000d7100000,0x00000000d7100000,0x00000000d7300000)
 ParOldGen       total 87552K, used 51425K [0x0000000081400000, 0x0000000086980000, 0x00000000d5c00000)
  object space 87552K, 58% used [0x0000000081400000,0x0000000084638768,0x0000000086980000)
 Metaspace       used 19442K, capacity 20166K, committed 20352K, reserved 1067008K
  class space    used 2626K, capacity 2820K, committed 2944K, reserved 1048576K
Event: 2776.859 GC heap after
Heap after GC invocations=395 (full 0):
 PSYoungGen      total 23552K, used 1928K [0x00000000d5c00000, 0x00000000d7500000, 0x0000000100000000)
  eden space 21504K, 0% used [0x00000000d5c00000,0x00000000d5c00000,0x00000000d7100000)
  from space 2048K, 94% used [0x00000000d7100000,0x00000000d72e2020,0x00000000d7300000)
  to   space 2048K, 0% used [0x00000000d7300000,0x00000000d7300000,0x00000000d7500000)
 ParOldGen       total 87552K, used 51433K [0x0000000081400000, 0x0000000086980000, 0x00000000d5c00000)
  object space 87552K, 58% used [0x0000000081400000,0x000000008463a768,0x0000000086980000)
 Metaspace       used 19442K, capacity 20166K, committed 20352K, reserved 1067008K
  class space    used 2626K, capacity 2820K, committed 2944K, reserved 1048576K
}
Event: 2783.289 GC heap before
{Heap before GC invocations=396 (full 0):
 PSYoungGen      total 23552K, used 22944K [0x00000000d5c00000, 0x00000000d7500000, 0x0000000100000000)
  eden space 21504K, 97% used [0x00000000d5c00000,0x00000000d7086258,0x00000000d7100000)
  from space 2048K, 94% used [0x00000000d7100000,0x00000000d72e2020,0x00000000d7300000)
  to   space 2048K, 0% used [0x00000000d7300000,0x00000000d7300000,0x00000000d7500000)
 ParOldGen       total 87552K, used 51433K [0x0000000081400000, 0x0000000086980000, 0x00000000d5c00000)
  object space 87552K, 58% used [0x0000000081400000,0x000000008463a768,0x0000000086980000)
 Metaspace       used 19442K, capacity 20166K, committed 20352K, reserved 1067008K
  class space    used 2626K, capacity 2820K, committed 2944K, reserved 1048576K
Event: 2783.290 GC heap after
Heap after GC invocations=396 (full 0):
 PSYoungGen      total 23552K, used 1928K [0x00000000d5c00000, 0x00000000d7500000, 0x0000000100000000)
  eden space 21504K, 0% used [0x00000000d5c00000,0x00000000d5c00000,0x00000000d7100000)
  from space 2048K, 94% used [0x00000000d7300000,0x00000000d74e2020,0x00000000d7500000)
  to   space 2048K, 0% used [0x00000000d7100000,0x00000000d7100000,0x00000000d7300000)
 ParOldGen       total 87552K, used 51441K [0x0000000081400000, 0x0000000086980000, 0x00000000d5c00000)
  object space 87552K, 58% used [0x0000000081400000,0x000000008463c768,0x0000000086980000)
 Metaspace       used 19442K, capacity 20166K, committed 20352K, reserved 1067008K
  class space    used 2626K, capacity 2820K, committed 2944K, reserved 1048576K
}

